Request: method=get url=https://api.telegram.org/bot5871095483:{TOKEN}/getMe params=None files=None
The server returned: 'b'{"ok":true,"result":{"id":5871095483,"is_bot":true,"first_name":"Python_st7bot","username":"Python_st7Bot","can_join_groups":true,"can_read_all_group_messages":false,"supports_inline_queries":false}}''
Starting your bot with username: [@Python_st7Bot]
Started polling.
Received task
Request: method=get url=https://api.telegram.org/bot5871095483:{TOKEN}/getUpdates params={'offset': 1, 'timeout': 20, 'long_polling_timeout': 20} files=None
The server returned: 'b'{"ok":true,"result":[{"update_id":62338278,\n"message":{"message_id":250,"from":{"id":334620429,"is_bot":false,"first_name":"Andrew","language_code":"ru"},"chat":{"id":334620429,"first_name":"Andrew","type":"private"},"date":1671876664,"text":"CNY/RUB \\u00a5/\\u20bd"}}]}''
Received 1 new updates
Task complete
Received task
Received task
Request: method=get url=https://api.telegram.org/bot5871095483:{TOKEN}/getUpdates params={'offset': 62338279, 'timeout': 20, 'long_polling_timeout': 20} files=None
Task complete
The server returned: 'b'{"ok":true,"result":[]}''
Received 0 new updates
Task complete
Received task
Request: method=get url=https://api.telegram.org/bot5871095483:{TOKEN}/getUpdates params={'offset': 62338279, 'timeout': 20, 'long_polling_timeout': 20} files=None
The server returned: 'b'{"ok":true,"result":[]}''
Received 0 new updates
Task complete
Received task
Request: method=get url=https://api.telegram.org/bot5871095483:{TOKEN}/getUpdates params={'offset': 62338279, 'timeout': 20, 'long_polling_timeout': 20} files=None
The server returned: 'b'{"ok":true,"result":[]}''
Received 0 new updates
Task complete
Received task
Request: method=get url=https://api.telegram.org/bot5871095483:{TOKEN}/getUpdates params={'offset': 62338279, 'timeout': 20, 'long_polling_timeout': 20} files=None
The server returned: 'b'{"ok":true,"result":[{"update_id":62338279,\n"message":{"message_id":251,"from":{"id":334620429,"is_bot":false,"first_name":"Andrew","language_code":"ru"},"chat":{"id":334620429,"first_name":"Andrew","type":"private"},"date":1671876737,"text":"EUR/USD \\u20ac/$"}}]}''
Received 1 new updates
Task complete
Received task
Received task
Received update: {'content_type': 'text', 'id': 251, 'message_id': 251, 'from_user': {'id': 334620429, 'is_bot': False, 'first_name': 'Andrew', 'username': None, 'last_name': None, 'language_code': 'ru', 'can_join_groups': None, 'can_read_all_group_messages': None, 'supports_inline_queries': None, 'is_premium': None, 'added_to_attachment_menu': None}, 'date': 1671876737, 'chat': {'id': 334620429, 'type': 'private', 'title': None, 'username': None, 'first_name': 'Andrew', 'last_name': None, 'is_forum': None, 'photo': None, 'bio': None, 'join_to_send_messages': None, 'join_by_request': None, 'has_private_forwards': None, 'has_restricted_voice_and_video_messages': None, 'description': None, 'invite_link': None, 'pinned_message': None, 'permissions': None, 'slow_mode_delay': None, 'message_auto_delete_time': None, 'has_protected_content': None, 'sticker_set_name': None, 'can_set_sticker_set': None, 'linked_chat_id': None, 'location': None, 'active_usernames': None, 'emoji_status_custom_emoji_id': None}, 'sender_chat': None, 'forward_from': None, 'forward_from_chat': None, 'forward_from_message_id': None, 'forward_signature': None, 'forward_sender_name': None, 'forward_date': None, 'is_automatic_forward': None, 'reply_to_message': None, 'via_bot': None, 'edit_date': None, 'has_protected_content': None, 'media_group_id': None, 'author_signature': None, 'text': 'EUR/USD €/$', 'entities': None, 'caption_entities': None, 'audio': None, 'document': None, 'photo': None, 'sticker': None, 'video': None, 'video_note': None, 'voice': None, 'caption': None, 'contact': None, 'location': None, 'venue': None, 'animation': None, 'dice': None, 'new_chat_member': None, 'new_chat_members': None, 'left_chat_member': None, 'new_chat_title': None, 'new_chat_photo': None, 'delete_chat_photo': None, 'group_chat_created': None, 'supergroup_chat_created': None, 'channel_chat_created': None, 'migrate_to_chat_id': None, 'migrate_from_chat_id': None, 'pinned_message': None, 'invoice': None, 'successful_payment': None, 'connected_website': None, 'reply_markup': None, 'message_thread_id': None, 'is_topic_message': None, 'forum_topic_created': None, 'forum_topic_closed': None, 'forum_topic_reopened': None, 'json': {'message_id': 251, 'from': {'id': 334620429, 'is_bot': False, 'first_name': 'Andrew', 'language_code': 'ru'}, 'chat': {'id': 334620429, 'first_name': 'Andrew', 'type': 'private'}, 'date': 1671876737, 'text': 'EUR/USD €/$'}}
Request: method=get url=https://api.telegram.org/bot5871095483:{TOKEN}/getUpdates params={'offset': 62338280, 'timeout': 20, 'long_polling_timeout': 20} files=None
Task complete
The server returned: 'b'{"ok":true,"result":[]}''
Received 0 new updates
Task complete
Received task
Request: method=get url=https://api.telegram.org/bot5871095483:{TOKEN}/getUpdates params={'offset': 62338280, 'timeout': 20, 'long_polling_timeout': 20} files=None
The server returned: 'b'{"ok":true,"result":[]}''
Received 0 new updates
Task complete
Received task
Request: method=get url=https://api.telegram.org/bot5871095483:{TOKEN}/getUpdates params={'offset': 62338280, 'timeout': 20, 'long_polling_timeout': 20} files=None
The server returned: 'b'{"ok":true,"result":[]}''
Received 0 new updates
Task complete
Received task
Request: method=get url=https://api.telegram.org/bot5871095483:{TOKEN}/getUpdates params={'offset': 62338280, 'timeout': 20, 'long_polling_timeout': 20} files=None
Request: method=get url=https://api.telegram.org/bot5871095483:{TOKEN}/getMe params=None files=None
The server returned: 'b'{"ok":true,"result":{"id":5871095483,"is_bot":true,"first_name":"Python_st7bot","username":"Python_st7Bot","can_join_groups":true,"can_read_all_group_messages":false,"supports_inline_queries":false}}''
Starting your bot with username: [@Python_st7Bot]
Started polling.
Received task
Request: method=get url=https://api.telegram.org/bot5871095483:{TOKEN}/getUpdates params={'offset': 1, 'timeout': 20, 'long_polling_timeout': 20} files=None
The server returned: 'b'{"ok":true,"result":[{"update_id":62338280,\n"message":{"message_id":252,"from":{"id":334620429,"is_bot":false,"first_name":"Andrew","language_code":"ru"},"chat":{"id":334620429,"first_name":"Andrew","type":"private"},"date":1671877098,"text":"/start","entities":[{"offset":0,"length":6,"type":"bot_command"}]}}]}''
Received 1 new updates
Task complete
Received task
Received task
Received update: {'content_type': 'text', 'id': 252, 'message_id': 252, 'from_user': {'id': 334620429, 'is_bot': False, 'first_name': 'Andrew', 'username': None, 'last_name': None, 'language_code': 'ru', 'can_join_groups': None, 'can_read_all_group_messages': None, 'supports_inline_queries': None, 'is_premium': None, 'added_to_attachment_menu': None}, 'date': 1671877098, 'chat': {'id': 334620429, 'type': 'private', 'title': None, 'username': None, 'first_name': 'Andrew', 'last_name': None, 'is_forum': None, 'photo': None, 'bio': None, 'join_to_send_messages': None, 'join_by_request': None, 'has_private_forwards': None, 'has_restricted_voice_and_video_messages': None, 'description': None, 'invite_link': None, 'pinned_message': None, 'permissions': None, 'slow_mode_delay': None, 'message_auto_delete_time': None, 'has_protected_content': None, 'sticker_set_name': None, 'can_set_sticker_set': None, 'linked_chat_id': None, 'location': None, 'active_usernames': None, 'emoji_status_custom_emoji_id': None}, 'sender_chat': None, 'forward_from': None, 'forward_from_chat': None, 'forward_from_message_id': None, 'forward_signature': None, 'forward_sender_name': None, 'forward_date': None, 'is_automatic_forward': None, 'reply_to_message': None, 'via_bot': None, 'edit_date': None, 'has_protected_content': None, 'media_group_id': None, 'author_signature': None, 'text': '/start', 'entities': [<telebot.types.MessageEntity object at 0x000002C612BF8910>], 'caption_entities': None, 'audio': None, 'document': None, 'photo': None, 'sticker': None, 'video': None, 'video_note': None, 'voice': None, 'caption': None, 'contact': None, 'location': None, 'venue': None, 'animation': None, 'dice': None, 'new_chat_member': None, 'new_chat_members': None, 'left_chat_member': None, 'new_chat_title': None, 'new_chat_photo': None, 'delete_chat_photo': None, 'group_chat_created': None, 'supergroup_chat_created': None, 'channel_chat_created': None, 'migrate_to_chat_id': None, 'migrate_from_chat_id': None, 'pinned_message': None, 'invoice': None, 'successful_payment': None, 'connected_website': None, 'reply_markup': None, 'message_thread_id': None, 'is_topic_message': None, 'forum_topic_created': None, 'forum_topic_closed': None, 'forum_topic_reopened': None, 'json': {'message_id': 252, 'from': {'id': 334620429, 'is_bot': False, 'first_name': 'Andrew', 'language_code': 'ru'}, 'chat': {'id': 334620429, 'first_name': 'Andrew', 'type': 'private'}, 'date': 1671877098, 'text': '/start', 'entities': [{'offset': 0, 'length': 6, 'type': 'bot_command'}]}}
Request: method=get url=https://api.telegram.org/bot5871095483:{TOKEN}/getUpdates params={'offset': 62338281, 'timeout': 20, 'long_polling_timeout': 20} files=None
Task complete
The server returned: 'b'{"ok":true,"result":[]}''
Received 0 new updates
Task complete
Received task
Request: method=get url=https://api.telegram.org/bot5871095483:{TOKEN}/getUpdates params={'offset': 62338281, 'timeout': 20, 'long_polling_timeout': 20} files=None
KeyboardInterrupt received.
Stopped polling.
Infinity polling: polling exited
Break infinity polling
Request: method=get url=https://api.telegram.org/bot5871095483:{TOKEN}/getMe params=None files=None
The server returned: 'b'{"ok":true,"result":{"id":5871095483,"is_bot":true,"first_name":"Python_st7bot","username":"Python_st7Bot","can_join_groups":true,"can_read_all_group_messages":false,"supports_inline_queries":false}}''
Starting your bot with username: [@Python_st7Bot]
Started polling.
Received task
Request: method=get url=https://api.telegram.org/bot5871095483:{TOKEN}/getUpdates params={'offset': 1, 'timeout': 20, 'long_polling_timeout': 20} files=None
The server returned: 'b'{"ok":true,"result":[{"update_id":62338281,\n"message":{"message_id":253,"from":{"id":334620429,"is_bot":false,"first_name":"Andrew","language_code":"ru"},"chat":{"id":334620429,"first_name":"Andrew","type":"private"},"date":1671877127,"text":"/start","entities":[{"offset":0,"length":6,"type":"bot_command"}]}}]}''
Received 1 new updates
Task complete
Received task
Received update: {'content_type': 'text', 'id': 253, 'message_id': 253, 'from_user': {'id': 334620429, 'is_bot': False, 'first_name': 'Andrew', 'username': None, 'last_name': None, 'language_code': 'ru', 'can_join_groups': None, 'can_read_all_group_messages': None, 'supports_inline_queries': None, 'is_premium': None, 'added_to_attachment_menu': None}, 'date': 1671877127, 'chat': {'id': 334620429, 'type': 'private', 'title': None, 'username': None, 'first_name': 'Andrew', 'last_name': None, 'is_forum': None, 'photo': None, 'bio': None, 'join_to_send_messages': None, 'join_by_request': None, 'has_private_forwards': None, 'has_restricted_voice_and_video_messages': None, 'description': None, 'invite_link': None, 'pinned_message': None, 'permissions': None, 'slow_mode_delay': None, 'message_auto_delete_time': None, 'has_protected_content': None, 'sticker_set_name': None, 'can_set_sticker_set': None, 'linked_chat_id': None, 'location': None, 'active_usernames': None, 'emoji_status_custom_emoji_id': None}, 'sender_chat': None, 'forward_from': None, 'forward_from_chat': None, 'forward_from_message_id': None, 'forward_signature': None, 'forward_sender_name': None, 'forward_date': None, 'is_automatic_forward': None, 'reply_to_message': None, 'via_bot': None, 'edit_date': None, 'has_protected_content': None, 'media_group_id': None, 'author_signature': None, 'text': '/start', 'entities': [<telebot.types.MessageEntity object at 0x000001A429AD0AC0>], 'caption_entities': None, 'audio': None, 'document': None, 'photo': None, 'sticker': None, 'video': None, 'video_note': None, 'voice': None, 'caption': None, 'contact': None, 'location': None, 'venue': None, 'animation': None, 'dice': None, 'new_chat_member': None, 'new_chat_members': None, 'left_chat_member': None, 'new_chat_title': None, 'new_chat_photo': None, 'delete_chat_photo': None, 'group_chat_created': None, 'supergroup_chat_created': None, 'channel_chat_created': None, 'migrate_to_chat_id': None, 'migrate_from_chat_id': None, 'pinned_message': None, 'invoice': None, 'successful_payment': None, 'connected_website': None, 'reply_markup': None, 'message_thread_id': None, 'is_topic_message': None, 'forum_topic_created': None, 'forum_topic_closed': None, 'forum_topic_reopened': None, 'json': {'message_id': 253, 'from': {'id': 334620429, 'is_bot': False, 'first_name': 'Andrew', 'language_code': 'ru'}, 'chat': {'id': 334620429, 'first_name': 'Andrew', 'type': 'private'}, 'date': 1671877127, 'text': '/start', 'entities': [{'offset': 0, 'length': 6, 'type': 'bot_command'}]}}
Task complete
Received task
Request: method=get url=https://api.telegram.org/bot5871095483:{TOKEN}/getUpdates params={'offset': 62338282, 'timeout': 20, 'long_polling_timeout': 20} files=None
The server returned: 'b'{"ok":true,"result":[{"update_id":62338282,\n"message":{"message_id":254,"from":{"id":334620429,"is_bot":false,"first_name":"Andrew","language_code":"ru"},"chat":{"id":334620429,"first_name":"Andrew","type":"private"},"date":1671877130,"text":"/start","entities":[{"offset":0,"length":6,"type":"bot_command"}]}}]}''
Received 1 new updates
Task complete
Received task
Received task
Received update: {'content_type': 'text', 'id': 254, 'message_id': 254, 'from_user': {'id': 334620429, 'is_bot': False, 'first_name': 'Andrew', 'username': None, 'last_name': None, 'language_code': 'ru', 'can_join_groups': None, 'can_read_all_group_messages': None, 'supports_inline_queries': None, 'is_premium': None, 'added_to_attachment_menu': None}, 'date': 1671877130, 'chat': {'id': 334620429, 'type': 'private', 'title': None, 'username': None, 'first_name': 'Andrew', 'last_name': None, 'is_forum': None, 'photo': None, 'bio': None, 'join_to_send_messages': None, 'join_by_request': None, 'has_private_forwards': None, 'has_restricted_voice_and_video_messages': None, 'description': None, 'invite_link': None, 'pinned_message': None, 'permissions': None, 'slow_mode_delay': None, 'message_auto_delete_time': None, 'has_protected_content': None, 'sticker_set_name': None, 'can_set_sticker_set': None, 'linked_chat_id': None, 'location': None, 'active_usernames': None, 'emoji_status_custom_emoji_id': None}, 'sender_chat': None, 'forward_from': None, 'forward_from_chat': None, 'forward_from_message_id': None, 'forward_signature': None, 'forward_sender_name': None, 'forward_date': None, 'is_automatic_forward': None, 'reply_to_message': None, 'via_bot': None, 'edit_date': None, 'has_protected_content': None, 'media_group_id': None, 'author_signature': None, 'text': '/start', 'entities': [<telebot.types.MessageEntity object at 0x000001A429AD1360>], 'caption_entities': None, 'audio': None, 'document': None, 'photo': None, 'sticker': None, 'video': None, 'video_note': None, 'voice': None, 'caption': None, 'contact': None, 'location': None, 'venue': None, 'animation': None, 'dice': None, 'new_chat_member': None, 'new_chat_members': None, 'left_chat_member': None, 'new_chat_title': None, 'new_chat_photo': None, 'delete_chat_photo': None, 'group_chat_created': None, 'supergroup_chat_created': None, 'channel_chat_created': None, 'migrate_to_chat_id': None, 'migrate_from_chat_id': None, 'pinned_message': None, 'invoice': None, 'successful_payment': None, 'connected_website': None, 'reply_markup': None, 'message_thread_id': None, 'is_topic_message': None, 'forum_topic_created': None, 'forum_topic_closed': None, 'forum_topic_reopened': None, 'json': {'message_id': 254, 'from': {'id': 334620429, 'is_bot': False, 'first_name': 'Andrew', 'language_code': 'ru'}, 'chat': {'id': 334620429, 'first_name': 'Andrew', 'type': 'private'}, 'date': 1671877130, 'text': '/start', 'entities': [{'offset': 0, 'length': 6, 'type': 'bot_command'}]}}
Request: method=get url=https://api.telegram.org/bot5871095483:{TOKEN}/getUpdates params={'offset': 62338283, 'timeout': 20, 'long_polling_timeout': 20} files=None
Task complete
The server returned: 'b'{"ok":true,"result":[{"update_id":62338283,\n"message":{"message_id":255,"from":{"id":334620429,"is_bot":false,"first_name":"Andrew","language_code":"ru"},"chat":{"id":334620429,"first_name":"Andrew","type":"private"},"date":1671877133,"text":"/start","entities":[{"offset":0,"length":6,"type":"bot_command"}]}}]}''
Received 1 new updates
Task complete
Received task
Received task
Received update: {'content_type': 'text', 'id': 255, 'message_id': 255, 'from_user': {'id': 334620429, 'is_bot': False, 'first_name': 'Andrew', 'username': None, 'last_name': None, 'language_code': 'ru', 'can_join_groups': None, 'can_read_all_group_messages': None, 'supports_inline_queries': None, 'is_premium': None, 'added_to_attachment_menu': None}, 'date': 1671877133, 'chat': {'id': 334620429, 'type': 'private', 'title': None, 'username': None, 'first_name': 'Andrew', 'last_name': None, 'is_forum': None, 'photo': None, 'bio': None, 'join_to_send_messages': None, 'join_by_request': None, 'has_private_forwards': None, 'has_restricted_voice_and_video_messages': None, 'description': None, 'invite_link': None, 'pinned_message': None, 'permissions': None, 'slow_mode_delay': None, 'message_auto_delete_time': None, 'has_protected_content': None, 'sticker_set_name': None, 'can_set_sticker_set': None, 'linked_chat_id': None, 'location': None, 'active_usernames': None, 'emoji_status_custom_emoji_id': None}, 'sender_chat': None, 'forward_from': None, 'forward_from_chat': None, 'forward_from_message_id': None, 'forward_signature': None, 'forward_sender_name': None, 'forward_date': None, 'is_automatic_forward': None, 'reply_to_message': None, 'via_bot': None, 'edit_date': None, 'has_protected_content': None, 'media_group_id': None, 'author_signature': None, 'text': '/start', 'entities': [<telebot.types.MessageEntity object at 0x000001A429AD0F40>], 'caption_entities': None, 'audio': None, 'document': None, 'photo': None, 'sticker': None, 'video': None, 'video_note': None, 'voice': None, 'caption': None, 'contact': None, 'location': None, 'venue': None, 'animation': None, 'dice': None, 'new_chat_member': None, 'new_chat_members': None, 'left_chat_member': None, 'new_chat_title': None, 'new_chat_photo': None, 'delete_chat_photo': None, 'group_chat_created': None, 'supergroup_chat_created': None, 'channel_chat_created': None, 'migrate_to_chat_id': None, 'migrate_from_chat_id': None, 'pinned_message': None, 'invoice': None, 'successful_payment': None, 'connected_website': None, 'reply_markup': None, 'message_thread_id': None, 'is_topic_message': None, 'forum_topic_created': None, 'forum_topic_closed': None, 'forum_topic_reopened': None, 'json': {'message_id': 255, 'from': {'id': 334620429, 'is_bot': False, 'first_name': 'Andrew', 'language_code': 'ru'}, 'chat': {'id': 334620429, 'first_name': 'Andrew', 'type': 'private'}, 'date': 1671877133, 'text': '/start', 'entities': [{'offset': 0, 'length': 6, 'type': 'bot_command'}]}}
Request: method=get url=https://api.telegram.org/bot5871095483:{TOKEN}/getUpdates params={'offset': 62338284, 'timeout': 20, 'long_polling_timeout': 20} files=None
Task complete
The server returned: 'b'{"ok":true,"result":[{"update_id":62338284,\n"message":{"message_id":256,"from":{"id":334620429,"is_bot":false,"first_name":"Andrew","language_code":"ru"},"chat":{"id":334620429,"first_name":"Andrew","type":"private"},"date":1671877139,"text":"/help","entities":[{"offset":0,"length":5,"type":"bot_command"}]}}]}''
Received 1 new updates
Task complete
Received task
Received update: {'content_type': 'text', 'id': 256, 'message_id': 256, 'from_user': {'id': 334620429, 'is_bot': False, 'first_name': 'Andrew', 'username': None, 'last_name': None, 'language_code': 'ru', 'can_join_groups': None, 'can_read_all_group_messages': None, 'supports_inline_queries': None, 'is_premium': None, 'added_to_attachment_menu': None}, 'date': 1671877139, 'chat': {'id': 334620429, 'type': 'private', 'title': None, 'username': None, 'first_name': 'Andrew', 'last_name': None, 'is_forum': None, 'photo': None, 'bio': None, 'join_to_send_messages': None, 'join_by_request': None, 'has_private_forwards': None, 'has_restricted_voice_and_video_messages': None, 'description': None, 'invite_link': None, 'pinned_message': None, 'permissions': None, 'slow_mode_delay': None, 'message_auto_delete_time': None, 'has_protected_content': None, 'sticker_set_name': None, 'can_set_sticker_set': None, 'linked_chat_id': None, 'location': None, 'active_usernames': None, 'emoji_status_custom_emoji_id': None}, 'sender_chat': None, 'forward_from': None, 'forward_from_chat': None, 'forward_from_message_id': None, 'forward_signature': None, 'forward_sender_name': None, 'forward_date': None, 'is_automatic_forward': None, 'reply_to_message': None, 'via_bot': None, 'edit_date': None, 'has_protected_content': None, 'media_group_id': None, 'author_signature': None, 'text': '/help', 'entities': [<telebot.types.MessageEntity object at 0x000001A429AD1330>], 'caption_entities': None, 'audio': None, 'document': None, 'photo': None, 'sticker': None, 'video': None, 'video_note': None, 'voice': None, 'caption': None, 'contact': None, 'location': None, 'venue': None, 'animation': None, 'dice': None, 'new_chat_member': None, 'new_chat_members': None, 'left_chat_member': None, 'new_chat_title': None, 'new_chat_photo': None, 'delete_chat_photo': None, 'group_chat_created': None, 'supergroup_chat_created': None, 'channel_chat_created': None, 'migrate_to_chat_id': None, 'migrate_from_chat_id': None, 'pinned_message': None, 'invoice': None, 'successful_payment': None, 'connected_website': None, 'reply_markup': None, 'message_thread_id': None, 'is_topic_message': None, 'forum_topic_created': None, 'forum_topic_closed': None, 'forum_topic_reopened': None, 'json': {'message_id': 256, 'from': {'id': 334620429, 'is_bot': False, 'first_name': 'Andrew', 'language_code': 'ru'}, 'chat': {'id': 334620429, 'first_name': 'Andrew', 'type': 'private'}, 'date': 1671877139, 'text': '/help', 'entities': [{'offset': 0, 'length': 5, 'type': 'bot_command'}]}}
Task complete
Received task
Request: method=get url=https://api.telegram.org/bot5871095483:{TOKEN}/getUpdates params={'offset': 62338285, 'timeout': 20, 'long_polling_timeout': 20} files=None
Request: method=get url=https://api.telegram.org/bot5871095483:{TOKEN}/getMe params=None files=None
The server returned: 'b'{"ok":true,"result":{"id":5871095483,"is_bot":true,"first_name":"Python_st7bot","username":"Python_st7Bot","can_join_groups":true,"can_read_all_group_messages":false,"supports_inline_queries":false}}''
Starting your bot with username: [@Python_st7Bot]
Started polling.
Received task
Request: method=get url=https://api.telegram.org/bot5871095483:{TOKEN}/getUpdates params={'offset': 1, 'timeout': 20, 'long_polling_timeout': 20} files=None
The server returned: 'b'{"ok":true,"result":[{"update_id":62338285,\n"message":{"message_id":257,"from":{"id":334620429,"is_bot":false,"first_name":"Andrew","language_code":"ru"},"chat":{"id":334620429,"first_name":"Andrew","type":"private"},"date":1671877153,"text":"/help","entities":[{"offset":0,"length":5,"type":"bot_command"}]}}]}''
Received 1 new updates
Task complete
Received task
Received task
Received update: {'content_type': 'text', 'id': 257, 'message_id': 257, 'from_user': {'id': 334620429, 'is_bot': False, 'first_name': 'Andrew', 'username': None, 'last_name': None, 'language_code': 'ru', 'can_join_groups': None, 'can_read_all_group_messages': None, 'supports_inline_queries': None, 'is_premium': None, 'added_to_attachment_menu': None}, 'date': 1671877153, 'chat': {'id': 334620429, 'type': 'private', 'title': None, 'username': None, 'first_name': 'Andrew', 'last_name': None, 'is_forum': None, 'photo': None, 'bio': None, 'join_to_send_messages': None, 'join_by_request': None, 'has_private_forwards': None, 'has_restricted_voice_and_video_messages': None, 'description': None, 'invite_link': None, 'pinned_message': None, 'permissions': None, 'slow_mode_delay': None, 'message_auto_delete_time': None, 'has_protected_content': None, 'sticker_set_name': None, 'can_set_sticker_set': None, 'linked_chat_id': None, 'location': None, 'active_usernames': None, 'emoji_status_custom_emoji_id': None}, 'sender_chat': None, 'forward_from': None, 'forward_from_chat': None, 'forward_from_message_id': None, 'forward_signature': None, 'forward_sender_name': None, 'forward_date': None, 'is_automatic_forward': None, 'reply_to_message': None, 'via_bot': None, 'edit_date': None, 'has_protected_content': None, 'media_group_id': None, 'author_signature': None, 'text': '/help', 'entities': [<telebot.types.MessageEntity object at 0x0000022B53E08880>], 'caption_entities': None, 'audio': None, 'document': None, 'photo': None, 'sticker': None, 'video': None, 'video_note': None, 'voice': None, 'caption': None, 'contact': None, 'location': None, 'venue': None, 'animation': None, 'dice': None, 'new_chat_member': None, 'new_chat_members': None, 'left_chat_member': None, 'new_chat_title': None, 'new_chat_photo': None, 'delete_chat_photo': None, 'group_chat_created': None, 'supergroup_chat_created': None, 'channel_chat_created': None, 'migrate_to_chat_id': None, 'migrate_from_chat_id': None, 'pinned_message': None, 'invoice': None, 'successful_payment': None, 'connected_website': None, 'reply_markup': None, 'message_thread_id': None, 'is_topic_message': None, 'forum_topic_created': None, 'forum_topic_closed': None, 'forum_topic_reopened': None, 'json': {'message_id': 257, 'from': {'id': 334620429, 'is_bot': False, 'first_name': 'Andrew', 'language_code': 'ru'}, 'chat': {'id': 334620429, 'first_name': 'Andrew', 'type': 'private'}, 'date': 1671877153, 'text': '/help', 'entities': [{'offset': 0, 'length': 5, 'type': 'bot_command'}]}}
Request: method=get url=https://api.telegram.org/bot5871095483:{TOKEN}/getUpdates params={'offset': 62338286, 'timeout': 20, 'long_polling_timeout': 20} files=None
Task complete
The server returned: 'b'{"ok":true,"result":[{"update_id":62338286,\n"message":{"message_id":258,"from":{"id":334620429,"is_bot":false,"first_name":"Andrew","language_code":"ru"},"chat":{"id":334620429,"first_name":"Andrew","type":"private"},"date":1671877157,"text":"/help","entities":[{"offset":0,"length":5,"type":"bot_command"}]}}]}''
Received 1 new updates
Task complete
Received task
Received task
Received update: {'content_type': 'text', 'id': 258, 'message_id': 258, 'from_user': {'id': 334620429, 'is_bot': False, 'first_name': 'Andrew', 'username': None, 'last_name': None, 'language_code': 'ru', 'can_join_groups': None, 'can_read_all_group_messages': None, 'supports_inline_queries': None, 'is_premium': None, 'added_to_attachment_menu': None}, 'date': 1671877157, 'chat': {'id': 334620429, 'type': 'private', 'title': None, 'username': None, 'first_name': 'Andrew', 'last_name': None, 'is_forum': None, 'photo': None, 'bio': None, 'join_to_send_messages': None, 'join_by_request': None, 'has_private_forwards': None, 'has_restricted_voice_and_video_messages': None, 'description': None, 'invite_link': None, 'pinned_message': None, 'permissions': None, 'slow_mode_delay': None, 'message_auto_delete_time': None, 'has_protected_content': None, 'sticker_set_name': None, 'can_set_sticker_set': None, 'linked_chat_id': None, 'location': None, 'active_usernames': None, 'emoji_status_custom_emoji_id': None}, 'sender_chat': None, 'forward_from': None, 'forward_from_chat': None, 'forward_from_message_id': None, 'forward_signature': None, 'forward_sender_name': None, 'forward_date': None, 'is_automatic_forward': None, 'reply_to_message': None, 'via_bot': None, 'edit_date': None, 'has_protected_content': None, 'media_group_id': None, 'author_signature': None, 'text': '/help', 'entities': [<telebot.types.MessageEntity object at 0x0000022B53E08DF0>], 'caption_entities': None, 'audio': None, 'document': None, 'photo': None, 'sticker': None, 'video': None, 'video_note': None, 'voice': None, 'caption': None, 'contact': None, 'location': None, 'venue': None, 'animation': None, 'dice': None, 'new_chat_member': None, 'new_chat_members': None, 'left_chat_member': None, 'new_chat_title': None, 'new_chat_photo': None, 'delete_chat_photo': None, 'group_chat_created': None, 'supergroup_chat_created': None, 'channel_chat_created': None, 'migrate_to_chat_id': None, 'migrate_from_chat_id': None, 'pinned_message': None, 'invoice': None, 'successful_payment': None, 'connected_website': None, 'reply_markup': None, 'message_thread_id': None, 'is_topic_message': None, 'forum_topic_created': None, 'forum_topic_closed': None, 'forum_topic_reopened': None, 'json': {'message_id': 258, 'from': {'id': 334620429, 'is_bot': False, 'first_name': 'Andrew', 'language_code': 'ru'}, 'chat': {'id': 334620429, 'first_name': 'Andrew', 'type': 'private'}, 'date': 1671877157, 'text': '/help', 'entities': [{'offset': 0, 'length': 5, 'type': 'bot_command'}]}}
Request: method=get url=https://api.telegram.org/bot5871095483:{TOKEN}/getUpdates params={'offset': 62338287, 'timeout': 20, 'long_polling_timeout': 20} files=None
Task complete
The server returned: 'b'{"ok":true,"result":[{"update_id":62338287,\n"message":{"message_id":259,"from":{"id":334620429,"is_bot":false,"first_name":"Andrew","language_code":"ru"},"chat":{"id":334620429,"first_name":"Andrew","type":"private"},"date":1671877162,"text":"/start","entities":[{"offset":0,"length":6,"type":"bot_command"}]}}]}''
Received 1 new updates
Task complete
Received task
Received task
Received update: {'content_type': 'text', 'id': 259, 'message_id': 259, 'from_user': {'id': 334620429, 'is_bot': False, 'first_name': 'Andrew', 'username': None, 'last_name': None, 'language_code': 'ru', 'can_join_groups': None, 'can_read_all_group_messages': None, 'supports_inline_queries': None, 'is_premium': None, 'added_to_attachment_menu': None}, 'date': 1671877162, 'chat': {'id': 334620429, 'type': 'private', 'title': None, 'username': None, 'first_name': 'Andrew', 'last_name': None, 'is_forum': None, 'photo': None, 'bio': None, 'join_to_send_messages': None, 'join_by_request': None, 'has_private_forwards': None, 'has_restricted_voice_and_video_messages': None, 'description': None, 'invite_link': None, 'pinned_message': None, 'permissions': None, 'slow_mode_delay': None, 'message_auto_delete_time': None, 'has_protected_content': None, 'sticker_set_name': None, 'can_set_sticker_set': None, 'linked_chat_id': None, 'location': None, 'active_usernames': None, 'emoji_status_custom_emoji_id': None}, 'sender_chat': None, 'forward_from': None, 'forward_from_chat': None, 'forward_from_message_id': None, 'forward_signature': None, 'forward_sender_name': None, 'forward_date': None, 'is_automatic_forward': None, 'reply_to_message': None, 'via_bot': None, 'edit_date': None, 'has_protected_content': None, 'media_group_id': None, 'author_signature': None, 'text': '/start', 'entities': [<telebot.types.MessageEntity object at 0x0000022B53E08D00>], 'caption_entities': None, 'audio': None, 'document': None, 'photo': None, 'sticker': None, 'video': None, 'video_note': None, 'voice': None, 'caption': None, 'contact': None, 'location': None, 'venue': None, 'animation': None, 'dice': None, 'new_chat_member': None, 'new_chat_members': None, 'left_chat_member': None, 'new_chat_title': None, 'new_chat_photo': None, 'delete_chat_photo': None, 'group_chat_created': None, 'supergroup_chat_created': None, 'channel_chat_created': None, 'migrate_to_chat_id': None, 'migrate_from_chat_id': None, 'pinned_message': None, 'invoice': None, 'successful_payment': None, 'connected_website': None, 'reply_markup': None, 'message_thread_id': None, 'is_topic_message': None, 'forum_topic_created': None, 'forum_topic_closed': None, 'forum_topic_reopened': None, 'json': {'message_id': 259, 'from': {'id': 334620429, 'is_bot': False, 'first_name': 'Andrew', 'language_code': 'ru'}, 'chat': {'id': 334620429, 'first_name': 'Andrew', 'type': 'private'}, 'date': 1671877162, 'text': '/start', 'entities': [{'offset': 0, 'length': 6, 'type': 'bot_command'}]}}
Request: method=get url=https://api.telegram.org/bot5871095483:{TOKEN}/getUpdates params={'offset': 62338288, 'timeout': 20, 'long_polling_timeout': 20} files=None
Task complete
Request: method=get url=https://api.telegram.org/bot5871095483:{TOKEN}/getMe params=None files=None
The server returned: 'b'{"ok":true,"result":{"id":5871095483,"is_bot":true,"first_name":"Python_st7bot","username":"Python_st7Bot","can_join_groups":true,"can_read_all_group_messages":false,"supports_inline_queries":false}}''
Starting your bot with username: [@Python_st7Bot]
Started polling.
Received task
Request: method=get url=https://api.telegram.org/bot5871095483:{TOKEN}/getUpdates params={'offset': 1, 'timeout': 20, 'long_polling_timeout': 20} files=None
The server returned: 'b'{"ok":true,"result":[{"update_id":62338288,\n"message":{"message_id":260,"from":{"id":334620429,"is_bot":false,"first_name":"Andrew","language_code":"ru"},"chat":{"id":334620429,"first_name":"Andrew","type":"private"},"date":1671877184,"sticker":{"width":512,"height":512,"emoji":"\\ud83d\\udd25","set_name":"rus_min","is_animated":false,"is_video":false,"type":"regular","thumb":{"file_id":"AAMCAgADGQEAAgEEY6bSQK6lKbVXBXybwwsyCMPszzEAAjMAA8OTcxDRTHQkxC0xagEAB20AAywE","file_unique_id":"AQADMwADw5NzEHI","file_size":4526,"width":128,"height":128},"file_id":"CAACAgIAAxkBAAIBBGOm0kCupSm1VwV8m8MLMgjD7M8xAAIzAAPDk3MQ0Ux0JMQtMWosBA","file_unique_id":"AgADMwADw5NzEA","file_size":25822}}}]}''
Received 1 new updates
Task complete
Received task
Received task
Task complete
Request: method=get url=https://api.telegram.org/bot5871095483:{TOKEN}/getUpdates params={'offset': 62338289, 'timeout': 20, 'long_polling_timeout': 20} files=None
The server returned: 'b'{"ok":true,"result":[{"update_id":62338289,\n"message":{"message_id":261,"from":{"id":334620429,"is_bot":false,"first_name":"Andrew","language_code":"ru"},"chat":{"id":334620429,"first_name":"Andrew","type":"private"},"date":1671877187,"text":"/start","entities":[{"offset":0,"length":6,"type":"bot_command"}]}}]}''
Received 1 new updates
Task complete
Received task
Received update: {'content_type': 'text', 'id': 261, 'message_id': 261, 'from_user': {'id': 334620429, 'is_bot': False, 'first_name': 'Andrew', 'username': None, 'last_name': None, 'language_code': 'ru', 'can_join_groups': None, 'can_read_all_group_messages': None, 'supports_inline_queries': None, 'is_premium': None, 'added_to_attachment_menu': None}, 'date': 1671877187, 'chat': {'id': 334620429, 'type': 'private', 'title': None, 'username': None, 'first_name': 'Andrew', 'last_name': None, 'is_forum': None, 'photo': None, 'bio': None, 'join_to_send_messages': None, 'join_by_request': None, 'has_private_forwards': None, 'has_restricted_voice_and_video_messages': None, 'description': None, 'invite_link': None, 'pinned_message': None, 'permissions': None, 'slow_mode_delay': None, 'message_auto_delete_time': None, 'has_protected_content': None, 'sticker_set_name': None, 'can_set_sticker_set': None, 'linked_chat_id': None, 'location': None, 'active_usernames': None, 'emoji_status_custom_emoji_id': None}, 'sender_chat': None, 'forward_from': None, 'forward_from_chat': None, 'forward_from_message_id': None, 'forward_signature': None, 'forward_sender_name': None, 'forward_date': None, 'is_automatic_forward': None, 'reply_to_message': None, 'via_bot': None, 'edit_date': None, 'has_protected_content': None, 'media_group_id': None, 'author_signature': None, 'text': '/start', 'entities': [<telebot.types.MessageEntity object at 0x0000023EDBB08CA0>], 'caption_entities': None, 'audio': None, 'document': None, 'photo': None, 'sticker': None, 'video': None, 'video_note': None, 'voice': None, 'caption': None, 'contact': None, 'location': None, 'venue': None, 'animation': None, 'dice': None, 'new_chat_member': None, 'new_chat_members': None, 'left_chat_member': None, 'new_chat_title': None, 'new_chat_photo': None, 'delete_chat_photo': None, 'group_chat_created': None, 'supergroup_chat_created': None, 'channel_chat_created': None, 'migrate_to_chat_id': None, 'migrate_from_chat_id': None, 'pinned_message': None, 'invoice': None, 'successful_payment': None, 'connected_website': None, 'reply_markup': None, 'message_thread_id': None, 'is_topic_message': None, 'forum_topic_created': None, 'forum_topic_closed': None, 'forum_topic_reopened': None, 'json': {'message_id': 261, 'from': {'id': 334620429, 'is_bot': False, 'first_name': 'Andrew', 'language_code': 'ru'}, 'chat': {'id': 334620429, 'first_name': 'Andrew', 'type': 'private'}, 'date': 1671877187, 'text': '/start', 'entities': [{'offset': 0, 'length': 6, 'type': 'bot_command'}]}}
Received task
Task complete
Request: method=get url=https://api.telegram.org/bot5871095483:{TOKEN}/getUpdates params={'offset': 62338290, 'timeout': 20, 'long_polling_timeout': 20} files=None
The server returned: 'b'{"ok":true,"result":[{"update_id":62338290,\n"message":{"message_id":262,"from":{"id":334620429,"is_bot":false,"first_name":"Andrew","language_code":"ru"},"chat":{"id":334620429,"first_name":"Andrew","type":"private"},"date":1671877194,"text":"/help","entities":[{"offset":0,"length":5,"type":"bot_command"}]}}]}''
Received 1 new updates
Task complete
Received task
Received task
Received update: {'content_type': 'text', 'id': 262, 'message_id': 262, 'from_user': {'id': 334620429, 'is_bot': False, 'first_name': 'Andrew', 'username': None, 'last_name': None, 'language_code': 'ru', 'can_join_groups': None, 'can_read_all_group_messages': None, 'supports_inline_queries': None, 'is_premium': None, 'added_to_attachment_menu': None}, 'date': 1671877194, 'chat': {'id': 334620429, 'type': 'private', 'title': None, 'username': None, 'first_name': 'Andrew', 'last_name': None, 'is_forum': None, 'photo': None, 'bio': None, 'join_to_send_messages': None, 'join_by_request': None, 'has_private_forwards': None, 'has_restricted_voice_and_video_messages': None, 'description': None, 'invite_link': None, 'pinned_message': None, 'permissions': None, 'slow_mode_delay': None, 'message_auto_delete_time': None, 'has_protected_content': None, 'sticker_set_name': None, 'can_set_sticker_set': None, 'linked_chat_id': None, 'location': None, 'active_usernames': None, 'emoji_status_custom_emoji_id': None}, 'sender_chat': None, 'forward_from': None, 'forward_from_chat': None, 'forward_from_message_id': None, 'forward_signature': None, 'forward_sender_name': None, 'forward_date': None, 'is_automatic_forward': None, 'reply_to_message': None, 'via_bot': None, 'edit_date': None, 'has_protected_content': None, 'media_group_id': None, 'author_signature': None, 'text': '/help', 'entities': [<telebot.types.MessageEntity object at 0x0000023EDBB08FA0>], 'caption_entities': None, 'audio': None, 'document': None, 'photo': None, 'sticker': None, 'video': None, 'video_note': None, 'voice': None, 'caption': None, 'contact': None, 'location': None, 'venue': None, 'animation': None, 'dice': None, 'new_chat_member': None, 'new_chat_members': None, 'left_chat_member': None, 'new_chat_title': None, 'new_chat_photo': None, 'delete_chat_photo': None, 'group_chat_created': None, 'supergroup_chat_created': None, 'channel_chat_created': None, 'migrate_to_chat_id': None, 'migrate_from_chat_id': None, 'pinned_message': None, 'invoice': None, 'successful_payment': None, 'connected_website': None, 'reply_markup': None, 'message_thread_id': None, 'is_topic_message': None, 'forum_topic_created': None, 'forum_topic_closed': None, 'forum_topic_reopened': None, 'json': {'message_id': 262, 'from': {'id': 334620429, 'is_bot': False, 'first_name': 'Andrew', 'language_code': 'ru'}, 'chat': {'id': 334620429, 'first_name': 'Andrew', 'type': 'private'}, 'date': 1671877194, 'text': '/help', 'entities': [{'offset': 0, 'length': 5, 'type': 'bot_command'}]}}
Request: method=get url=https://api.telegram.org/bot5871095483:{TOKEN}/getUpdates params={'offset': 62338291, 'timeout': 20, 'long_polling_timeout': 20} files=None
Task complete
The server returned: 'b'{"ok":true,"result":[{"update_id":62338291,\n"message":{"message_id":263,"from":{"id":334620429,"is_bot":false,"first_name":"Andrew","language_code":"ru"},"chat":{"id":334620429,"first_name":"Andrew","type":"private"},"date":1671877211,"text":"/help","entities":[{"offset":0,"length":5,"type":"bot_command"}]}}]}''
Received 1 new updates
Task complete
Received task
Received update: {'content_type': 'text', 'id': 263, 'message_id': 263, 'from_user': {'id': 334620429, 'is_bot': False, 'first_name': 'Andrew', 'username': None, 'last_name': None, 'language_code': 'ru', 'can_join_groups': None, 'can_read_all_group_messages': None, 'supports_inline_queries': None, 'is_premium': None, 'added_to_attachment_menu': None}, 'date': 1671877211, 'chat': {'id': 334620429, 'type': 'private', 'title': None, 'username': None, 'first_name': 'Andrew', 'last_name': None, 'is_forum': None, 'photo': None, 'bio': None, 'join_to_send_messages': None, 'join_by_request': None, 'has_private_forwards': None, 'has_restricted_voice_and_video_messages': None, 'description': None, 'invite_link': None, 'pinned_message': None, 'permissions': None, 'slow_mode_delay': None, 'message_auto_delete_time': None, 'has_protected_content': None, 'sticker_set_name': None, 'can_set_sticker_set': None, 'linked_chat_id': None, 'location': None, 'active_usernames': None, 'emoji_status_custom_emoji_id': None}, 'sender_chat': None, 'forward_from': None, 'forward_from_chat': None, 'forward_from_message_id': None, 'forward_signature': None, 'forward_sender_name': None, 'forward_date': None, 'is_automatic_forward': None, 'reply_to_message': None, 'via_bot': None, 'edit_date': None, 'has_protected_content': None, 'media_group_id': None, 'author_signature': None, 'text': '/help', 'entities': [<telebot.types.MessageEntity object at 0x0000023EDBB09090>], 'caption_entities': None, 'audio': None, 'document': None, 'photo': None, 'sticker': None, 'video': None, 'video_note': None, 'voice': None, 'caption': None, 'contact': None, 'location': None, 'venue': None, 'animation': None, 'dice': None, 'new_chat_member': None, 'new_chat_members': None, 'left_chat_member': None, 'new_chat_title': None, 'new_chat_photo': None, 'delete_chat_photo': None, 'group_chat_created': None, 'supergroup_chat_created': None, 'channel_chat_created': None, 'migrate_to_chat_id': None, 'migrate_from_chat_id': None, 'pinned_message': None, 'invoice': None, 'successful_payment': None, 'connected_website': None, 'reply_markup': None, 'message_thread_id': None, 'is_topic_message': None, 'forum_topic_created': None, 'forum_topic_closed': None, 'forum_topic_reopened': None, 'json': {'message_id': 263, 'from': {'id': 334620429, 'is_bot': False, 'first_name': 'Andrew', 'language_code': 'ru'}, 'chat': {'id': 334620429, 'first_name': 'Andrew', 'type': 'private'}, 'date': 1671877211, 'text': '/help', 'entities': [{'offset': 0, 'length': 5, 'type': 'bot_command'}]}}
Task complete
Received task
Request: method=get url=https://api.telegram.org/bot5871095483:{TOKEN}/getUpdates params={'offset': 62338292, 'timeout': 20, 'long_polling_timeout': 20} files=None
The server returned: 'b'{"ok":true,"result":[]}''
Received 0 new updates
Task complete
Received task
Request: method=get url=https://api.telegram.org/bot5871095483:{TOKEN}/getUpdates params={'offset': 62338292, 'timeout': 20, 'long_polling_timeout': 20} files=None
KeyboardInterrupt received.
Stopped polling.
Infinity polling: polling exited
Break infinity polling
Request: method=get url=https://api.telegram.org/bot5871095483:{TOKEN}/getMe params=None files=None
The server returned: 'b'{"ok":true,"result":{"id":5871095483,"is_bot":true,"first_name":"Python_st7bot","username":"Python_st7Bot","can_join_groups":true,"can_read_all_group_messages":false,"supports_inline_queries":false}}''
Starting your bot with username: [@Python_st7Bot]
Started polling.
Received task
Request: method=get url=https://api.telegram.org/bot5871095483:{TOKEN}/getUpdates params={'offset': 1, 'timeout': 20, 'long_polling_timeout': 20} files=None
The server returned: 'b'{"ok":true,"result":[{"update_id":62338292,\n"message":{"message_id":264,"from":{"id":334620429,"is_bot":false,"first_name":"Andrew","language_code":"ru"},"chat":{"id":334620429,"first_name":"Andrew","type":"private"},"date":1671877242,"text":"/start","entities":[{"offset":0,"length":6,"type":"bot_command"}]}}]}''
Received 1 new updates
Task complete
Received task
Received task
Request: method=get url=https://api.telegram.org/bot5871095483:{TOKEN}/getUpdates params={'offset': 62338293, 'timeout': 20, 'long_polling_timeout': 20} files=None
Request: method=post url=https://api.telegram.org/bot5871095483:{TOKEN}/sendMessage params={'chat_id': '334620429', 'text': 'Основные пары валют, можно написать свою, просто, через слеш тексом', 'reply_markup': '{"keyboard": [[{"text": "EUR/USD \\u20ac/$"}, {"text": "USD/RUB $/\\u20bd"}, {"text": "EUR/RUB \\u20ac/\\u20bd"}], [{"text": "THB/RUB \\u0e3f/\\u20bd"}, {"text": "CNY/RUB \\u00a5/\\u20bd"}, {"text": "GBP/RUB \\u00a3/\\u20bd"}]]}'} files=None
The server returned: 'b'{"ok":true,"result":{"message_id":265,"from":{"id":5871095483,"is_bot":true,"first_name":"Python_st7bot","username":"Python_st7Bot"},"chat":{"id":334620429,"first_name":"Andrew","type":"private"},"date":1671877242,"text":"\\u041e\\u0441\\u043d\\u043e\\u0432\\u043d\\u044b\\u0435 \\u043f\\u0430\\u0440\\u044b \\u0432\\u0430\\u043b\\u044e\\u0442, \\u043c\\u043e\\u0436\\u043d\\u043e \\u043d\\u0430\\u043f\\u0438\\u0441\\u0430\\u0442\\u044c \\u0441\\u0432\\u043e\\u044e, \\u043f\\u0440\\u043e\\u0441\\u0442\\u043e, \\u0447\\u0435\\u0440\\u0435\\u0437 \\u0441\\u043b\\u0435\\u0448 \\u0442\\u0435\\u043a\\u0441\\u043e\\u043c"}}''
Task complete
The server returned: 'b'{"ok":true,"result":[]}''
Received 0 new updates
Task complete
Received task
Request: method=get url=https://api.telegram.org/bot5871095483:{TOKEN}/getUpdates params={'offset': 62338293, 'timeout': 20, 'long_polling_timeout': 20} files=None
KeyboardInterrupt received.
Stopped polling.
Infinity polling: polling exited
Break infinity polling
Request: method=get url=https://api.telegram.org/bot5871095483:{TOKEN}/getMe params=None files=None
The server returned: 'b'{"ok":true,"result":{"id":5871095483,"is_bot":true,"first_name":"Python_st7bot","username":"Python_st7Bot","can_join_groups":true,"can_read_all_group_messages":false,"supports_inline_queries":false}}''
Starting your bot with username: [@Python_st7Bot]
Started polling.
Received task
Request: method=get url=https://api.telegram.org/bot5871095483:{TOKEN}/getUpdates params={'offset': 1, 'timeout': 20, 'long_polling_timeout': 20} files=None
The server returned: 'b'{"ok":true,"result":[{"update_id":62338293,\n"message":{"message_id":266,"from":{"id":334620429,"is_bot":false,"first_name":"Andrew","language_code":"ru"},"chat":{"id":334620429,"first_name":"Andrew","type":"private"},"date":1671877282,"text":"/help","entities":[{"offset":0,"length":5,"type":"bot_command"}]}}]}''
Received 1 new updates
Task complete
Received task
Request: method=post url=https://api.telegram.org/bot5871095483:{TOKEN}/sendMessage params={'chat_id': '334620429', 'text': 'Сейчас доступны следующие команды: \n/Help - список доступных команд, \n/start - для вызова клавиатуры с валютными парами \nЕсли нужно узнать курс валюты, необходимо указать пару через слеш, GBP/USD - пример', 'reply_to_message_id': 266} files=None
Received task
Request: method=get url=https://api.telegram.org/bot5871095483:{TOKEN}/getUpdates params={'offset': 62338294, 'timeout': 20, 'long_polling_timeout': 20} files=None
The server returned: 'b'{"ok":true,"result":{"message_id":267,"from":{"id":5871095483,"is_bot":true,"first_name":"Python_st7bot","username":"Python_st7Bot"},"chat":{"id":334620429,"first_name":"Andrew","type":"private"},"date":1671877282,"reply_to_message":{"message_id":266,"from":{"id":334620429,"is_bot":false,"first_name":"Andrew","language_code":"ru"},"chat":{"id":334620429,"first_name":"Andrew","type":"private"},"date":1671877282,"text":"/help","entities":[{"offset":0,"length":5,"type":"bot_command"}]},"text":"\\u0421\\u0435\\u0439\\u0447\\u0430\\u0441 \\u0434\\u043e\\u0441\\u0442\\u0443\\u043f\\u043d\\u044b \\u0441\\u043b\\u0435\\u0434\\u0443\\u044e\\u0449\\u0438\\u0435 \\u043a\\u043e\\u043c\\u0430\\u043d\\u0434\\u044b: \\n/Help - \\u0441\\u043f\\u0438\\u0441\\u043e\\u043a \\u0434\\u043e\\u0441\\u0442\\u0443\\u043f\\u043d\\u044b\\u0445 \\u043a\\u043e\\u043c\\u0430\\u043d\\u0434, \\n/start - \\u0434\\u043b\\u044f \\u0432\\u044b\\u0437\\u043e\\u0432\\u0430 \\u043a\\u043b\\u0430\\u0432\\u0438\\u0430\\u0442\\u0443\\u0440\\u044b \\u0441 \\u0432\\u0430\\u043b\\u044e\\u0442\\u043d\\u044b\\u043c\\u0438 \\u043f\\u0430\\u0440\\u0430\\u043c\\u0438 \\n\\u0415\\u0441\\u043b\\u0438 \\u043d\\u0443\\u0436\\u043d\\u043e \\u0443\\u0437\\u043d\\u0430\\u0442\\u044c \\u043a\\u0443\\u0440\\u0441 \\u0432\\u0430\\u043b\\u044e\\u0442\\u044b, \\u043d\\u0435\\u043e\\u0431\\u0445\\u043e\\u0434\\u0438\\u043c\\u043e \\u0443\\u043a\\u0430\\u0437\\u0430\\u0442\\u044c \\u043f\\u0430\\u0440\\u0443 \\u0447\\u0435\\u0440\\u0435\\u0437 \\u0441\\u043b\\u0435\\u0448, GBP/USD - \\u043f\\u0440\\u0438\\u043c\\u0435\\u0440","entities":[{"offset":36,"length":5,"type":"bot_command"},{"offset":70,"length":6,"type":"bot_command"}]}}''
Task complete
The server returned: 'b'{"ok":true,"result":[{"update_id":62338294,\n"message":{"message_id":268,"from":{"id":334620429,"is_bot":false,"first_name":"Andrew","language_code":"ru"},"chat":{"id":334620429,"first_name":"Andrew","type":"private"},"date":1671877284,"text":"/start","entities":[{"offset":0,"length":6,"type":"bot_command"}]}}]}''
Received 1 new updates
Task complete
Received task
Request: method=post url=https://api.telegram.org/bot5871095483:{TOKEN}/sendMessage params={'chat_id': '334620429', 'text': 'Основные пары валют, можно написать свою, просто, через слеш тексом', 'reply_markup': '{"keyboard": [[{"text": "EUR/USD \\u20ac/$"}, {"text": "USD/RUB $/\\u20bd"}, {"text": "EUR/RUB \\u20ac/\\u20bd"}], [{"text": "THB/RUB \\u0e3f/\\u20bd"}, {"text": "CNY/RUB \\u00a5/\\u20bd"}, {"text": "GBP/RUB \\u00a3/\\u20bd"}], [{"text": "Investing", "url": "investing.com"}]]}'} files=None
Received task
Request: method=get url=https://api.telegram.org/bot5871095483:{TOKEN}/getUpdates params={'offset': 62338295, 'timeout': 20, 'long_polling_timeout': 20} files=None
The server returned: 'b'{"ok":true,"result":{"message_id":269,"from":{"id":5871095483,"is_bot":true,"first_name":"Python_st7bot","username":"Python_st7Bot"},"chat":{"id":334620429,"first_name":"Andrew","type":"private"},"date":1671877284,"text":"\\u041e\\u0441\\u043d\\u043e\\u0432\\u043d\\u044b\\u0435 \\u043f\\u0430\\u0440\\u044b \\u0432\\u0430\\u043b\\u044e\\u0442, \\u043c\\u043e\\u0436\\u043d\\u043e \\u043d\\u0430\\u043f\\u0438\\u0441\\u0430\\u0442\\u044c \\u0441\\u0432\\u043e\\u044e, \\u043f\\u0440\\u043e\\u0441\\u0442\\u043e, \\u0447\\u0435\\u0440\\u0435\\u0437 \\u0441\\u043b\\u0435\\u0448 \\u0442\\u0435\\u043a\\u0441\\u043e\\u043c"}}''
Task complete
The server returned: 'b'{"ok":true,"result":[{"update_id":62338295,\n"message":{"message_id":270,"from":{"id":334620429,"is_bot":false,"first_name":"Andrew","language_code":"ru"},"chat":{"id":334620429,"first_name":"Andrew","type":"private"},"date":1671877286,"text":"Investing"}}]}''
Received 1 new updates
Task complete
Received task
Received task
Request: method=post url=https://api.telegram.org/bot5871095483:{TOKEN}/sendMessage params={'chat_id': '334620429', 'text': 'Hi, что бы узнать список доступных команд набери /Help '} files=None
Request: method=get url=https://api.telegram.org/bot5871095483:{TOKEN}/getUpdates params={'offset': 62338296, 'timeout': 20, 'long_polling_timeout': 20} files=None
The server returned: 'b'{"ok":true,"result":{"message_id":271,"from":{"id":5871095483,"is_bot":true,"first_name":"Python_st7bot","username":"Python_st7Bot"},"chat":{"id":334620429,"first_name":"Andrew","type":"private"},"date":1671877286,"text":"Hi, \\u0447\\u0442\\u043e \\u0431\\u044b \\u0443\\u0437\\u043d\\u0430\\u0442\\u044c \\u0441\\u043f\\u0438\\u0441\\u043e\\u043a \\u0434\\u043e\\u0441\\u0442\\u0443\\u043f\\u043d\\u044b\\u0445 \\u043a\\u043e\\u043c\\u0430\\u043d\\u0434 \\u043d\\u0430\\u0431\\u0435\\u0440\\u0438 /Help","entities":[{"offset":49,"length":5,"type":"bot_command"}]}}''
Task complete
The server returned: 'b'{"ok":true,"result":[]}''
Received 0 new updates
Task complete
Received task
Request: method=get url=https://api.telegram.org/bot5871095483:{TOKEN}/getUpdates params={'offset': 62338296, 'timeout': 20, 'long_polling_timeout': 20} files=None
The server returned: 'b'{"ok":true,"result":[]}''
Received 0 new updates
Task complete
Received task
Request: method=get url=https://api.telegram.org/bot5871095483:{TOKEN}/getUpdates params={'offset': 62338296, 'timeout': 20, 'long_polling_timeout': 20} files=None
KeyboardInterrupt received.
Stopped polling.
Infinity polling: polling exited
Break infinity polling
Request: method=get url=https://api.telegram.org/bot5871095483:{TOKEN}/getMe params=None files=None
The server returned: 'b'{"ok":true,"result":{"id":5871095483,"is_bot":true,"first_name":"Python_st7bot","username":"Python_st7Bot","can_join_groups":true,"can_read_all_group_messages":false,"supports_inline_queries":false}}''
Starting your bot with username: [@Python_st7Bot]
Started polling.
Received task
Request: method=get url=https://api.telegram.org/bot5871095483:{TOKEN}/getUpdates params={'offset': 1, 'timeout': 20, 'long_polling_timeout': 20} files=None
The server returned: 'b'{"ok":true,"result":[{"update_id":62338296,\n"message":{"message_id":272,"from":{"id":334620429,"is_bot":false,"first_name":"Andrew","language_code":"ru"},"chat":{"id":334620429,"first_name":"Andrew","type":"private"},"date":1671877351,"text":"/start","entities":[{"offset":0,"length":6,"type":"bot_command"}]}}]}''
Received 1 new updates
Task complete
Received task
Request: method=post url=https://api.telegram.org/bot5871095483:{TOKEN}/sendMessage params={'chat_id': '334620429', 'text': 'Основные пары валют, можно написать свою, просто, через слеш тексом', 'reply_markup': '{"keyboard": [[{"text": "EUR/USD \\u20ac/$"}, {"text": "USD/RUB $/\\u20bd"}, {"text": "EUR/RUB \\u20ac/\\u20bd"}], [{"text": "THB/RUB \\u0e3f/\\u20bd"}, {"text": "CNY/RUB \\u00a5/\\u20bd"}, {"text": "GBP/RUB \\u00a3/\\u20bd"}], [{"text": "Investing", "url": "https://investing.com"}]]}'} files=None
Received task
Request: method=get url=https://api.telegram.org/bot5871095483:{TOKEN}/getUpdates params={'offset': 62338297, 'timeout': 20, 'long_polling_timeout': 20} files=None
The server returned: 'b'{"ok":true,"result":{"message_id":273,"from":{"id":5871095483,"is_bot":true,"first_name":"Python_st7bot","username":"Python_st7Bot"},"chat":{"id":334620429,"first_name":"Andrew","type":"private"},"date":1671877351,"text":"\\u041e\\u0441\\u043d\\u043e\\u0432\\u043d\\u044b\\u0435 \\u043f\\u0430\\u0440\\u044b \\u0432\\u0430\\u043b\\u044e\\u0442, \\u043c\\u043e\\u0436\\u043d\\u043e \\u043d\\u0430\\u043f\\u0438\\u0441\\u0430\\u0442\\u044c \\u0441\\u0432\\u043e\\u044e, \\u043f\\u0440\\u043e\\u0441\\u0442\\u043e, \\u0447\\u0435\\u0440\\u0435\\u0437 \\u0441\\u043b\\u0435\\u0448 \\u0442\\u0435\\u043a\\u0441\\u043e\\u043c"}}''
Task complete
The server returned: 'b'{"ok":true,"result":[{"update_id":62338297,\n"message":{"message_id":274,"from":{"id":334620429,"is_bot":false,"first_name":"Andrew","language_code":"ru"},"chat":{"id":334620429,"first_name":"Andrew","type":"private"},"date":1671877353,"text":"Investing"}}]}''
Received 1 new updates
Task complete
Received task
Request: method=post url=https://api.telegram.org/bot5871095483:{TOKEN}/sendMessage params={'chat_id': '334620429', 'text': 'Hi, что бы узнать список доступных команд набери /Help '} files=None
Received task
Request: method=get url=https://api.telegram.org/bot5871095483:{TOKEN}/getUpdates params={'offset': 62338298, 'timeout': 20, 'long_polling_timeout': 20} files=None
The server returned: 'b'{"ok":true,"result":{"message_id":275,"from":{"id":5871095483,"is_bot":true,"first_name":"Python_st7bot","username":"Python_st7Bot"},"chat":{"id":334620429,"first_name":"Andrew","type":"private"},"date":1671877353,"text":"Hi, \\u0447\\u0442\\u043e \\u0431\\u044b \\u0443\\u0437\\u043d\\u0430\\u0442\\u044c \\u0441\\u043f\\u0438\\u0441\\u043e\\u043a \\u0434\\u043e\\u0441\\u0442\\u0443\\u043f\\u043d\\u044b\\u0445 \\u043a\\u043e\\u043c\\u0430\\u043d\\u0434 \\u043d\\u0430\\u0431\\u0435\\u0440\\u0438 /Help","entities":[{"offset":49,"length":5,"type":"bot_command"}]}}''
Task complete
The server returned: 'b'{"ok":true,"result":[]}''
Received 0 new updates
Task complete
Received task
Request: method=get url=https://api.telegram.org/bot5871095483:{TOKEN}/getUpdates params={'offset': 62338298, 'timeout': 20, 'long_polling_timeout': 20} files=None
The server returned: 'b'{"ok":true,"result":[]}''
Received 0 new updates
Task complete
Received task
Request: method=get url=https://api.telegram.org/bot5871095483:{TOKEN}/getUpdates params={'offset': 62338298, 'timeout': 20, 'long_polling_timeout': 20} files=None
The server returned: 'b'{"ok":true,"result":[]}''
Received 0 new updates
Task complete
Received task
Request: method=get url=https://api.telegram.org/bot5871095483:{TOKEN}/getUpdates params={'offset': 62338298, 'timeout': 20, 'long_polling_timeout': 20} files=None
The server returned: 'b'{"ok":true,"result":[]}''
Received 0 new updates
Task complete
Received task
Request: method=get url=https://api.telegram.org/bot5871095483:{TOKEN}/getUpdates params={'offset': 62338298, 'timeout': 20, 'long_polling_timeout': 20} files=None
The server returned: 'b'{"ok":true,"result":[]}''
Received 0 new updates
Task complete
Received task
Request: method=get url=https://api.telegram.org/bot5871095483:{TOKEN}/getUpdates params={'offset': 62338298, 'timeout': 20, 'long_polling_timeout': 20} files=None
The server returned: 'b'{"ok":true,"result":[]}''
Received 0 new updates
Task complete
Received task
Request: method=get url=https://api.telegram.org/bot5871095483:{TOKEN}/getUpdates params={'offset': 62338298, 'timeout': 20, 'long_polling_timeout': 20} files=None
The server returned: 'b'{"ok":true,"result":[]}''
Received 0 new updates
Task complete
Received task
Request: method=get url=https://api.telegram.org/bot5871095483:{TOKEN}/getUpdates params={'offset': 62338298, 'timeout': 20, 'long_polling_timeout': 20} files=None
The server returned: 'b'{"ok":true,"result":[]}''
Received 0 new updates
Task complete
Received task
Request: method=get url=https://api.telegram.org/bot5871095483:{TOKEN}/getUpdates params={'offset': 62338298, 'timeout': 20, 'long_polling_timeout': 20} files=None
KeyboardInterrupt received.
Stopped polling.
Infinity polling: polling exited
Break infinity polling
Request: method=get url=https://api.telegram.org/bot5871095483:{TOKEN}/getMe params=None files=None
The server returned: 'b'{"ok":true,"result":{"id":5871095483,"is_bot":true,"first_name":"Python_st7bot","username":"Python_st7Bot","can_join_groups":true,"can_read_all_group_messages":false,"supports_inline_queries":false}}''
Starting your bot with username: [@Python_st7Bot]
Started polling.
Received task
Request: method=get url=https://api.telegram.org/bot5871095483:{TOKEN}/getUpdates params={'offset': 1, 'timeout': 20, 'long_polling_timeout': 20} files=None
The server returned: 'b'{"ok":true,"result":[{"update_id":62338298,\n"message":{"message_id":276,"from":{"id":334620429,"is_bot":false,"first_name":"Andrew","language_code":"ru"},"chat":{"id":334620429,"first_name":"Andrew","type":"private"},"date":1671877526,"text":"/help","entities":[{"offset":0,"length":5,"type":"bot_command"}]}}]}''
Received 1 new updates
Task complete
Received task
Received task
Request: method=post url=https://api.telegram.org/bot5871095483:{TOKEN}/sendMessage params={'chat_id': '334620429', 'text': 'Сейчас доступны следующие команды: \n/Help - список доступных команд, \n/start - для вызова клавиатуры с валютными парами \nЕсли нужно узнать курс валюты, необходимо указать пару через слеш, GBP/USD - пример', 'reply_to_message_id': 276} files=None
Request: method=get url=https://api.telegram.org/bot5871095483:{TOKEN}/getUpdates params={'offset': 62338299, 'timeout': 20, 'long_polling_timeout': 20} files=None
The server returned: 'b'{"ok":true,"result":{"message_id":277,"from":{"id":5871095483,"is_bot":true,"first_name":"Python_st7bot","username":"Python_st7Bot"},"chat":{"id":334620429,"first_name":"Andrew","type":"private"},"date":1671877526,"reply_to_message":{"message_id":276,"from":{"id":334620429,"is_bot":false,"first_name":"Andrew","language_code":"ru"},"chat":{"id":334620429,"first_name":"Andrew","type":"private"},"date":1671877526,"text":"/help","entities":[{"offset":0,"length":5,"type":"bot_command"}]},"text":"\\u0421\\u0435\\u0439\\u0447\\u0430\\u0441 \\u0434\\u043e\\u0441\\u0442\\u0443\\u043f\\u043d\\u044b \\u0441\\u043b\\u0435\\u0434\\u0443\\u044e\\u0449\\u0438\\u0435 \\u043a\\u043e\\u043c\\u0430\\u043d\\u0434\\u044b: \\n/Help - \\u0441\\u043f\\u0438\\u0441\\u043e\\u043a \\u0434\\u043e\\u0441\\u0442\\u0443\\u043f\\u043d\\u044b\\u0445 \\u043a\\u043e\\u043c\\u0430\\u043d\\u0434, \\n/start - \\u0434\\u043b\\u044f \\u0432\\u044b\\u0437\\u043e\\u0432\\u0430 \\u043a\\u043b\\u0430\\u0432\\u0438\\u0430\\u0442\\u0443\\u0440\\u044b \\u0441 \\u0432\\u0430\\u043b\\u044e\\u0442\\u043d\\u044b\\u043c\\u0438 \\u043f\\u0430\\u0440\\u0430\\u043c\\u0438 \\n\\u0415\\u0441\\u043b\\u0438 \\u043d\\u0443\\u0436\\u043d\\u043e \\u0443\\u0437\\u043d\\u0430\\u0442\\u044c \\u043a\\u0443\\u0440\\u0441 \\u0432\\u0430\\u043b\\u044e\\u0442\\u044b, \\u043d\\u0435\\u043e\\u0431\\u0445\\u043e\\u0434\\u0438\\u043c\\u043e \\u0443\\u043a\\u0430\\u0437\\u0430\\u0442\\u044c \\u043f\\u0430\\u0440\\u0443 \\u0447\\u0435\\u0440\\u0435\\u0437 \\u0441\\u043b\\u0435\\u0448, GBP/USD - \\u043f\\u0440\\u0438\\u043c\\u0435\\u0440","entities":[{"offset":36,"length":5,"type":"bot_command"},{"offset":70,"length":6,"type":"bot_command"}]}}''
Task complete
The server returned: 'b'{"ok":true,"result":[{"update_id":62338299,\n"message":{"message_id":278,"from":{"id":334620429,"is_bot":false,"first_name":"Andrew","language_code":"ru"},"chat":{"id":334620429,"first_name":"Andrew","type":"private"},"date":1671877531,"text":"/start","entities":[{"offset":0,"length":6,"type":"bot_command"}]}}]}''
Received 1 new updates
Task complete
Received task
Received task
Request: method=get url=https://api.telegram.org/bot5871095483:{TOKEN}/getUpdates params={'offset': 62338300, 'timeout': 20, 'long_polling_timeout': 20} files=None
AttributeError occurred, args=("'InlineKeyboardButton' object has no attribute 'row_width'",)
Traceback (most recent call last):
  File "C:\Users\Andre\PycharmProjects\getdata_prom_inversting\venv\lib\site-packages\telebot\util.py", line 100, in run
    task(*args, **kwargs)
  File "C:\Users\Andre\PycharmProjects\getdata_prom_inversting\venv\lib\site-packages\telebot\__init__.py", line 6308, in _run_middlewares_and_handler
    result = handler['function'](message)
  File "C:\Users\Andre\PycharmProjects\getdata_prom_inversting\main.py", line 76, in start
    markup.add(button1, button2, button3, button4, button5, button6, button7)
  File "C:\Users\Andre\PycharmProjects\getdata_prom_inversting\venv\lib\site-packages\telebot\types.py", line 2284, in add
    row_width = self.row_width
AttributeError: 'InlineKeyboardButton' object has no attribute 'row_width'

Infinity polling exception: 'InlineKeyboardButton' object has no attribute 'row_width'
Exception traceback:
Traceback (most recent call last):
  File "C:\Users\Andre\PycharmProjects\getdata_prom_inversting\venv\lib\site-packages\telebot\__init__.py", line 955, in infinity_polling
    self.polling(non_stop=True, timeout=timeout, long_polling_timeout=long_polling_timeout,
  File "C:\Users\Andre\PycharmProjects\getdata_prom_inversting\venv\lib\site-packages\telebot\__init__.py", line 1043, in polling
    self.__threaded_polling(non_stop=non_stop, interval=interval, timeout=timeout, long_polling_timeout=long_polling_timeout,
  File "C:\Users\Andre\PycharmProjects\getdata_prom_inversting\venv\lib\site-packages\telebot\__init__.py", line 1118, in __threaded_polling
    raise e
  File "C:\Users\Andre\PycharmProjects\getdata_prom_inversting\venv\lib\site-packages\telebot\__init__.py", line 1074, in __threaded_polling
    self.worker_pool.raise_exceptions()
  File "C:\Users\Andre\PycharmProjects\getdata_prom_inversting\venv\lib\site-packages\telebot\util.py", line 156, in raise_exceptions
    raise self.exception_info
  File "C:\Users\Andre\PycharmProjects\getdata_prom_inversting\venv\lib\site-packages\telebot\util.py", line 100, in run
    task(*args, **kwargs)
  File "C:\Users\Andre\PycharmProjects\getdata_prom_inversting\venv\lib\site-packages\telebot\__init__.py", line 6308, in _run_middlewares_and_handler
    result = handler['function'](message)
  File "C:\Users\Andre\PycharmProjects\getdata_prom_inversting\main.py", line 76, in start
    markup.add(button1, button2, button3, button4, button5, button6, button7)
  File "C:\Users\Andre\PycharmProjects\getdata_prom_inversting\venv\lib\site-packages\telebot\types.py", line 2284, in add
    row_width = self.row_width
AttributeError: 'InlineKeyboardButton' object has no attribute 'row_width'

Starting your bot with username: [@Python_st7Bot]
Started polling.
Received task
Request: method=get url=https://api.telegram.org/bot5871095483:{TOKEN}/getUpdates params={'offset': 62338300, 'timeout': 20, 'long_polling_timeout': 20} files=None
The server returned: 'b'{"ok":false,"error_code":409,"description":"Conflict: terminated by other getUpdates request; make sure that only one bot instance is running"}''
ApiTelegramException occurred, args=('A request to the Telegram API was unsuccessful. Error code: 409. Description: Conflict: terminated by other getUpdates request; make sure that only one bot instance is running',)
Traceback (most recent call last):
  File "C:\Users\Andre\PycharmProjects\getdata_prom_inversting\venv\lib\site-packages\telebot\util.py", line 100, in run
    task(*args, **kwargs)
  File "C:\Users\Andre\PycharmProjects\getdata_prom_inversting\venv\lib\site-packages\telebot\__init__.py", line 649, in __retrieve_updates
    updates = self.get_updates(offset=(self.last_update_id + 1),
  File "C:\Users\Andre\PycharmProjects\getdata_prom_inversting\venv\lib\site-packages\telebot\__init__.py", line 623, in get_updates
    json_updates = apihelper.get_updates(self.token, offset, limit, timeout, allowed_updates, long_polling_timeout)
  File "C:\Users\Andre\PycharmProjects\getdata_prom_inversting\venv\lib\site-packages\telebot\apihelper.py", line 321, in get_updates
    return _make_request(token, method_url, params=payload)
  File "C:\Users\Andre\PycharmProjects\getdata_prom_inversting\venv\lib\site-packages\telebot\apihelper.py", line 162, in _make_request
    json_result = _check_result(method_name, result)
  File "C:\Users\Andre\PycharmProjects\getdata_prom_inversting\venv\lib\site-packages\telebot\apihelper.py", line 189, in _check_result
    raise ApiTelegramException(method_name, result, result_json)
telebot.apihelper.ApiTelegramException: A request to the Telegram API was unsuccessful. Error code: 409. Description: Conflict: terminated by other getUpdates request; make sure that only one bot instance is running

The server returned: 'b'{"ok":true,"result":[{"update_id":62338300,\n"message":{"message_id":279,"from":{"id":334620429,"is_bot":false,"first_name":"Andrew","language_code":"ru"},"chat":{"id":334620429,"first_name":"Andrew","type":"private"},"date":1671877536,"text":"USD/RUB $/\\u20bd"}}]}''
Received 1 new updates
Task complete
Received task
Received task
Request: method=get url=https://api.telegram.org/bot5871095483:{TOKEN}/getUpdates params={'offset': 62338301, 'timeout': 20, 'long_polling_timeout': 20} files=None
The server returned: 'b'{"ok":true,"result":[{"update_id":62338301,\n"message":{"message_id":280,"from":{"id":334620429,"is_bot":false,"first_name":"Andrew","language_code":"ru"},"chat":{"id":334620429,"first_name":"Andrew","type":"private"},"date":1671877537,"text":"Investing"}}]}''
Received 1 new updates
Task complete
Received task
Request: method=post url=https://api.telegram.org/bot5871095483:{TOKEN}/sendMessage params={'chat_id': '334620429', 'text': 'Hi, что бы узнать список доступных команд набери /Help '} files=None
Received task
Request: method=get url=https://api.telegram.org/bot5871095483:{TOKEN}/getUpdates params={'offset': 62338302, 'timeout': 20, 'long_polling_timeout': 20} files=None
The server returned: 'b'{"ok":true,"result":{"message_id":281,"from":{"id":5871095483,"is_bot":true,"first_name":"Python_st7bot","username":"Python_st7Bot"},"chat":{"id":334620429,"first_name":"Andrew","type":"private"},"date":1671877537,"text":"Hi, \\u0447\\u0442\\u043e \\u0431\\u044b \\u0443\\u0437\\u043d\\u0430\\u0442\\u044c \\u0441\\u043f\\u0438\\u0441\\u043e\\u043a \\u0434\\u043e\\u0441\\u0442\\u0443\\u043f\\u043d\\u044b\\u0445 \\u043a\\u043e\\u043c\\u0430\\u043d\\u0434 \\u043d\\u0430\\u0431\\u0435\\u0440\\u0438 /Help","entities":[{"offset":49,"length":5,"type":"bot_command"}]}}''
Task complete
The server returned: 'b'{"ok":true,"result":[]}''
Received 0 new updates
Task complete
Received task
Request: method=get url=https://api.telegram.org/bot5871095483:{TOKEN}/getUpdates params={'offset': 62338302, 'timeout': 20, 'long_polling_timeout': 20} files=None
The server returned: 'b'{"ok":true,"result":[]}''
Received 0 new updates
Task complete
Received task
Request: method=get url=https://api.telegram.org/bot5871095483:{TOKEN}/getUpdates params={'offset': 62338302, 'timeout': 20, 'long_polling_timeout': 20} files=None
Request: method=post url=https://api.telegram.org/bot5871095483:{TOKEN}/sendMessage params={'chat_id': '334620429', 'text': 'Курс по валютной паре USD/RUB, составляет: 70.2000\n Данные с Investing.com'} files=None
The server returned: 'b'{"ok":true,"result":{"message_id":282,"from":{"id":5871095483,"is_bot":true,"first_name":"Python_st7bot","username":"Python_st7Bot"},"chat":{"id":334620429,"first_name":"Andrew","type":"private"},"date":1671877584,"text":"\\u041a\\u0443\\u0440\\u0441 \\u043f\\u043e \\u0432\\u0430\\u043b\\u044e\\u0442\\u043d\\u043e\\u0439 \\u043f\\u0430\\u0440\\u0435 USD/RUB, \\u0441\\u043e\\u0441\\u0442\\u0430\\u0432\\u043b\\u044f\\u0435\\u0442: 70.2000\\n \\u0414\\u0430\\u043d\\u043d\\u044b\\u0435 \\u0441 Investing.com","entities":[{"offset":61,"length":13,"type":"url"}]}}''
Task complete
The server returned: 'b'{"ok":true,"result":[]}''
Received 0 new updates
Task complete
Received task
Request: method=get url=https://api.telegram.org/bot5871095483:{TOKEN}/getUpdates params={'offset': 62338302, 'timeout': 20, 'long_polling_timeout': 20} files=None
The server returned: 'b'{"ok":true,"result":[]}''
Received 0 new updates
Task complete
Received task
Request: method=get url=https://api.telegram.org/bot5871095483:{TOKEN}/getUpdates params={'offset': 62338302, 'timeout': 20, 'long_polling_timeout': 20} files=None
KeyboardInterrupt received.
Stopped polling.
Infinity polling: polling exited
Break infinity polling
Request: method=get url=https://api.telegram.org/bot5871095483:{TOKEN}/getMe params=None files=None
The server returned: 'b'{"ok":true,"result":{"id":5871095483,"is_bot":true,"first_name":"Python_st7bot","username":"Python_st7Bot","can_join_groups":true,"can_read_all_group_messages":false,"supports_inline_queries":false}}''
Starting your bot with username: [@Python_st7Bot]
Started polling.
Received task
Request: method=get url=https://api.telegram.org/bot5871095483:{TOKEN}/getUpdates params={'offset': 1, 'timeout': 20, 'long_polling_timeout': 20} files=None
The server returned: 'b'{"ok":true,"result":[{"update_id":62338302,\n"message":{"message_id":283,"from":{"id":334620429,"is_bot":false,"first_name":"Andrew","language_code":"ru"},"chat":{"id":334620429,"first_name":"Andrew","type":"private"},"date":1671877638,"text":"/start","entities":[{"offset":0,"length":6,"type":"bot_command"}]}}]}''
Received 1 new updates
Task complete
Received task
Received task
Request: method=post url=https://api.telegram.org/bot5871095483:{TOKEN}/sendMessage params={'chat_id': '334620429', 'text': 'Основные пары валют, можно написать свою, просто, через слеш тексом', 'reply_markup': '{"keyboard": [[{"text": "EUR/USD \\u20ac/$"}, {"text": "USD/RUB $/\\u20bd"}, {"text": "EUR/RUB \\u20ac/\\u20bd"}], [{"text": "THB/RUB \\u0e3f/\\u20bd"}, {"text": "CNY/RUB \\u00a5/\\u20bd"}, {"text": "GBP/RUB \\u00a3/\\u20bd"}]]}'} files=None
Request: method=get url=https://api.telegram.org/bot5871095483:{TOKEN}/getUpdates params={'offset': 62338303, 'timeout': 20, 'long_polling_timeout': 20} files=None
The server returned: 'b'{"ok":true,"result":{"message_id":284,"from":{"id":5871095483,"is_bot":true,"first_name":"Python_st7bot","username":"Python_st7Bot"},"chat":{"id":334620429,"first_name":"Andrew","type":"private"},"date":1671877639,"text":"\\u041e\\u0441\\u043d\\u043e\\u0432\\u043d\\u044b\\u0435 \\u043f\\u0430\\u0440\\u044b \\u0432\\u0430\\u043b\\u044e\\u0442, \\u043c\\u043e\\u0436\\u043d\\u043e \\u043d\\u0430\\u043f\\u0438\\u0441\\u0430\\u0442\\u044c \\u0441\\u0432\\u043e\\u044e, \\u043f\\u0440\\u043e\\u0441\\u0442\\u043e, \\u0447\\u0435\\u0440\\u0435\\u0437 \\u0441\\u043b\\u0435\\u0448 \\u0442\\u0435\\u043a\\u0441\\u043e\\u043c"}}''
Task complete
The server returned: 'b'{"ok":true,"result":[{"update_id":62338303,\n"message":{"message_id":285,"from":{"id":334620429,"is_bot":false,"first_name":"Andrew","language_code":"ru"},"chat":{"id":334620429,"first_name":"Andrew","type":"private"},"date":1671877643,"text":"/start","entities":[{"offset":0,"length":6,"type":"bot_command"}]}}]}''
Received 1 new updates
Task complete
Received task
Request: method=post url=https://api.telegram.org/bot5871095483:{TOKEN}/sendMessage params={'chat_id': '334620429', 'text': 'Основные пары валют, можно написать свою, просто, через слеш тексом', 'reply_markup': '{"keyboard": [[{"text": "EUR/USD \\u20ac/$"}, {"text": "USD/RUB $/\\u20bd"}, {"text": "EUR/RUB \\u20ac/\\u20bd"}], [{"text": "THB/RUB \\u0e3f/\\u20bd"}, {"text": "CNY/RUB \\u00a5/\\u20bd"}, {"text": "GBP/RUB \\u00a3/\\u20bd"}]]}'} files=None
Received task
Request: method=get url=https://api.telegram.org/bot5871095483:{TOKEN}/getUpdates params={'offset': 62338304, 'timeout': 20, 'long_polling_timeout': 20} files=None
The server returned: 'b'{"ok":true,"result":{"message_id":286,"from":{"id":5871095483,"is_bot":true,"first_name":"Python_st7bot","username":"Python_st7Bot"},"chat":{"id":334620429,"first_name":"Andrew","type":"private"},"date":1671877644,"text":"\\u041e\\u0441\\u043d\\u043e\\u0432\\u043d\\u044b\\u0435 \\u043f\\u0430\\u0440\\u044b \\u0432\\u0430\\u043b\\u044e\\u0442, \\u043c\\u043e\\u0436\\u043d\\u043e \\u043d\\u0430\\u043f\\u0438\\u0441\\u0430\\u0442\\u044c \\u0441\\u0432\\u043e\\u044e, \\u043f\\u0440\\u043e\\u0441\\u0442\\u043e, \\u0447\\u0435\\u0440\\u0435\\u0437 \\u0441\\u043b\\u0435\\u0448 \\u0442\\u0435\\u043a\\u0441\\u043e\\u043c"}}''
Task complete
The server returned: 'b'{"ok":true,"result":[{"update_id":62338304,\n"message":{"message_id":287,"from":{"id":334620429,"is_bot":false,"first_name":"Andrew","language_code":"ru"},"chat":{"id":334620429,"first_name":"Andrew","type":"private"},"date":1671877647,"text":"EUR/USD \\u20ac/$"}}]}''
Received 1 new updates
Task complete
Received task
Received task
Request: method=get url=https://api.telegram.org/bot5871095483:{TOKEN}/getUpdates params={'offset': 62338305, 'timeout': 20, 'long_polling_timeout': 20} files=None
The server returned: 'b'{"ok":true,"result":[]}''
Received 0 new updates
Task complete
Received task
Request: method=get url=https://api.telegram.org/bot5871095483:{TOKEN}/getUpdates params={'offset': 62338305, 'timeout': 20, 'long_polling_timeout': 20} files=None
The server returned: 'b'{"ok":true,"result":[]}''
Received 0 new updates
Task complete
Received task
Request: method=get url=https://api.telegram.org/bot5871095483:{TOKEN}/getUpdates params={'offset': 62338305, 'timeout': 20, 'long_polling_timeout': 20} files=None
KeyboardInterrupt received.
Stopped polling.
Infinity polling: polling exited
Break infinity polling
Request: method=get url=https://api.telegram.org/bot5871095483:{TOKEN}/getMe params=None files=None
The server returned: 'b'{"ok":true,"result":{"id":5871095483,"is_bot":true,"first_name":"Python_st7bot","username":"Python_st7Bot","can_join_groups":true,"can_read_all_group_messages":false,"supports_inline_queries":false}}''
Starting your bot with username: [@Python_st7Bot]
Started polling.
Received task
Request: method=get url=https://api.telegram.org/bot5871095483:{TOKEN}/getUpdates params={'offset': 1, 'timeout': 20, 'long_polling_timeout': 20} files=None
The server returned: 'b'{"ok":true,"result":[]}''
Received 0 new updates
Task complete
Received task
Request: method=get url=https://api.telegram.org/bot5871095483:{TOKEN}/getUpdates params={'offset': 1, 'timeout': 20, 'long_polling_timeout': 20} files=None
The server returned: 'b'{"ok":true,"result":[]}''
Received 0 new updates
Task complete
Received task
Request: method=get url=https://api.telegram.org/bot5871095483:{TOKEN}/getUpdates params={'offset': 1, 'timeout': 20, 'long_polling_timeout': 20} files=None
The server returned: 'b'{"ok":true,"result":[]}''
Received 0 new updates
Task complete
Received task
Request: method=get url=https://api.telegram.org/bot5871095483:{TOKEN}/getUpdates params={'offset': 1, 'timeout': 20, 'long_polling_timeout': 20} files=None
The server returned: 'b'{"ok":true,"result":[]}''
Received 0 new updates
Task complete
Received task
Request: method=get url=https://api.telegram.org/bot5871095483:{TOKEN}/getUpdates params={'offset': 1, 'timeout': 20, 'long_polling_timeout': 20} files=None
The server returned: 'b'{"ok":true,"result":[{"update_id":62338305,\n"message":{"message_id":288,"from":{"id":334620429,"is_bot":false,"first_name":"Andrew","language_code":"ru"},"chat":{"id":334620429,"first_name":"Andrew","type":"private"},"date":1671877780,"text":"USD/RUB $/\\u20bd"}}]}''
Received 1 new updates
Task complete
Received task
Received task
Request: method=get url=https://api.telegram.org/bot5871095483:{TOKEN}/getUpdates params={'offset': 62338306, 'timeout': 20, 'long_polling_timeout': 20} files=None
The server returned: 'b'{"ok":true,"result":[{"update_id":62338306,\n"message":{"message_id":289,"from":{"id":334620429,"is_bot":false,"first_name":"Andrew","language_code":"ru"},"chat":{"id":334620429,"first_name":"Andrew","type":"private"},"date":1671877783,"text":"/start","entities":[{"offset":0,"length":6,"type":"bot_command"}]}}]}''
Received 1 new updates
Task complete
Received task
Request: method=post url=https://api.telegram.org/bot5871095483:{TOKEN}/sendMessage params={'chat_id': '334620429', 'text': 'Основные пары валют, можно написать свою, просто, через слеш текстом', 'reply_markup': '{"keyboard": [[{"text": "EUR/USD \\u20ac/$"}, {"text": "USD/RUB $/\\u20bd"}, {"text": "EUR/RUB \\u20ac/\\u20bd"}], [{"text": "THB/RUB \\u0e3f/\\u20bd"}, {"text": "CNY/RUB \\u00a5/\\u20bd"}, {"text": "GBP/RUB \\u00a3/\\u20bd"}]]}'} files=None
Received task
Request: method=get url=https://api.telegram.org/bot5871095483:{TOKEN}/getUpdates params={'offset': 62338307, 'timeout': 20, 'long_polling_timeout': 20} files=None
The server returned: 'b'{"ok":true,"result":{"message_id":290,"from":{"id":5871095483,"is_bot":true,"first_name":"Python_st7bot","username":"Python_st7Bot"},"chat":{"id":334620429,"first_name":"Andrew","type":"private"},"date":1671877783,"text":"\\u041e\\u0441\\u043d\\u043e\\u0432\\u043d\\u044b\\u0435 \\u043f\\u0430\\u0440\\u044b \\u0432\\u0430\\u043b\\u044e\\u0442, \\u043c\\u043e\\u0436\\u043d\\u043e \\u043d\\u0430\\u043f\\u0438\\u0441\\u0430\\u0442\\u044c \\u0441\\u0432\\u043e\\u044e, \\u043f\\u0440\\u043e\\u0441\\u0442\\u043e, \\u0447\\u0435\\u0440\\u0435\\u0437 \\u0441\\u043b\\u0435\\u0448 \\u0442\\u0435\\u043a\\u0441\\u0442\\u043e\\u043c"}}''
Task complete
The server returned: 'b'{"ok":true,"result":[{"update_id":62338307,\n"message":{"message_id":291,"from":{"id":334620429,"is_bot":false,"first_name":"Andrew","language_code":"ru"},"chat":{"id":334620429,"first_name":"Andrew","type":"private"},"date":1671877787,"text":"USD/RUB $/\\u20bd"}}]}''
Received 1 new updates
Task complete
Received task
Received task
Request: method=get url=https://api.telegram.org/bot5871095483:{TOKEN}/getUpdates params={'offset': 62338308, 'timeout': 20, 'long_polling_timeout': 20} files=None
The server returned: 'b'{"ok":true,"result":[]}''
Received 0 new updates
Task complete
Received task
Request: method=get url=https://api.telegram.org/bot5871095483:{TOKEN}/getUpdates params={'offset': 62338308, 'timeout': 20, 'long_polling_timeout': 20} files=None
